"../../../Engine/Content/ArtTools/RenderToTexture/Enums/RenderToTexture_Enum.uasset" 0
"../../../Engine/Content/ArtTools/RenderToTexture/Enums/RenderToTexture_Flipbook_Enum.uasset" 1
"../../../Engine/Content/ArtTools/RenderToTexture/Enums/RenderToTexture_Imposter_Enum.uasset" 2
"../../../Engine/Content/EditorBlueprintResources/StandardMacros.uasset" 3
"../../../Engine/Content/ArtTools/RenderToTexture/Enums/EIntTypes.uasset" 4
"../../../Engine/Content/ArtTools/RenderToTexture/Macros/RenderToTextureFunctionLibrary.uasset" 5
"../../../Engine/Content/ArtTools/RenderToTexture/Enums/EFloatTypes.uasset" 6
"../../../Engine/Content/ArtTools/RenderToTexture/Macros/RenderToTextureMacros.uasset" 7
"../../../Engine/Content/Functions/Engine_MaterialFunctions01/Opacity/CameraDepthFade.uasset" 8
"../../../Engine/Content/EngineMaterials/T_Default_Material_Grid_M.uasset" 9
"../../../Engine/Content/EngineMaterials/T_Default_Material_Grid_N.uasset" 10
"../../../Engine/Content/EngineMaterials/WorldGridMaterial.uasset" 11
"../../../Engine/Content/ArtTools/RenderToTexture/Meshes/S_1_Unit_Plane.uasset" 12
"../../../Engine/Content/EngineMaterials/DefaultMaterial.uasset" 13
"../../../Engine/Content/BasicShapes/Cone.uasset" 14
"../../../Engine/Content/BasicShapes/Cube.uasset" 15
"../../../Engine/Content/BasicShapes/Cylinder.uasset" 16
"../../../Engine/Content/BasicShapes/Plane.uasset" 17
"../../../Engine/Content/EngineMaterials/DefaultPhysicalMaterial.uasset" 18
"../../../Engine/Content/BufferVisualization/AmbientOcclusion.uasset" 19
"../../../Engine/Content/BufferVisualization/BaseColor.uasset" 20
"../../../Engine/Content/BufferVisualization/CustomDepth.uasset" 21
"../../../Engine/Content/Functions/Engine_MaterialFunctions02/Utility/VectorLength.uasset" 22
"../../../Engine/Content/BufferVisualization/CustomDepthWorldUnits.uasset" 23
"../../../Engine/Content/Functions/Engine_MaterialFunctions02/Utility/BreakOutFloat2Components.uasset" 24
"../../../Engine/Content/Functions/Engine_MaterialFunctions01/Texturing/ScaleUVsByCenter.uasset" 25
"../../../Engine/Content/Functions/Engine_MaterialFunctions02/ScreenResolution.uasset" 26
"../../../Engine/Content/Functions/Engine_MaterialFunctions02/Texturing/ScreenAlignedUVs.uasset" 27
"../../../Engine/Content/Functions/Engine_MaterialFunctions02/Utility/MakeFloat2.uasset" 28
"../../../Engine/Content/Functions/Engine_MaterialFunctions02/Utility/MakeFloat3.uasset" 29
"../../../Engine/Content/EngineMaterials/MiniFont.uasset" 30
"../../../Engine/Content/BufferVisualization/CustomStencil.uasset" 31
"../../../Engine/Content/BufferVisualization/FinalImage.uasset" 32
"../../../Engine/Content/BufferVisualization/LightingModel.uasset" 33
"../../../Engine/Content/BufferVisualization/MaterialAO.uasset" 34
"../../../Engine/Content/BufferVisualization/Metallic.uasset" 35
"../../../Engine/Content/BufferVisualization/Opacity.uasset" 36
"../../../Engine/Content/BufferVisualization/PostTonemapHDRColor.uasset" 37
"../../../Engine/Content/BufferVisualization/PreTonemapHDRColor.uasset" 38
"../../../Engine/Content/BufferVisualization/Roughness.uasset" 39
"../../../Engine/Content/BufferVisualization/SceneColor.uasset" 40
"../../../Engine/Content/BufferVisualization/SceneDepth.uasset" 41
"../../../Engine/Content/BufferVisualization/SceneDepthWorldUnits.uasset" 42
"../../../Engine/Content/BufferVisualization/SeparateTranslucencyA.uasset" 43
"../../../Engine/Content/BufferVisualization/SeparateTranslucencyRGB.uasset" 44
"../../../Engine/Content/BufferVisualization/Specular.uasset" 45
"../../../Engine/Content/BufferVisualization/SubsurfaceColor.uasset" 46
"../../../Engine/Content/BufferVisualization/WorldNormal.uasset" 47
"../../../Engine/Content/EditorBlueprintResources/ActorMacros.uasset" 48
"../../../Engine/Content/EditorLandscapeResources/DataLayer.uasset" 49
"../../../Engine/Content/EditorLandscapeResources/DefaultAlphaTexture.uasset" 50
"../../../Engine/Content/EditorLandscapeResources/LandscapeGizmoHeight_Mat.uasset" 51
"../../../Engine/Content/EditorLandscapeResources/LandscapeGizmo_Mat.uasset" 52
"../../../Engine/Content/EditorLandscapeResources/LandscapeGizmo_Mat_Copied.uasset" 53
"../../../Engine/Content/EditorLandscapeResources/SplineEditorMeshMat.uasset" 54
"../../../Engine/Content/EditorLandscapeResources/SplineEditorMesh.uasset" 55
"../../../Engine/Content/EditorMaterials/Cross.uasset" 56
"../../../Engine/Content/EditorMaterials/Cross_Mat.uasset" 57
"../../../Engine/Content/EditorMaterials/GizmoMaterial.uasset" 58
"../../../Engine/Content/Functions/Engine_MaterialFunctions02/ExampleContent/Textures/flipbook.uasset" 59
"../../../Engine/Content/Functions/Engine_MaterialFunctions02/Texturing/FlipBook.uasset" 60
"../../../Engine/Content/Functions/Engine_MaterialFunctions02/Utility/Sign.uasset" 61
"../../../Engine/Content/Functions/Engine_MaterialFunctions02/Utility/Round.uasset" 62
"../../../Engine/Content/EditorResources/T_EditorHelp.uasset" 63
"../../../Engine/Content/EditorMaterials/HelpActorMaterial.uasset" 64
"../../../Engine/Content/EditorMaterials/CompositeARGBLayer.uasset" 65
"../../../Engine/Content/EditorMaterials/TilingAALineIntegral.uasset" 66
"../../../Engine/Content/EditorMaterials/TilingAALineBoxFiltered.uasset" 67
"../../../Engine/Content/Functions/Engine_MaterialFunctions03/Procedurals/ComputeFilterWidth.uasset" 68
"../../../Engine/Content/EditorMaterials/TilingAADots.uasset" 69
"../../../Engine/Content/EngineMaterials/BlendFunc_DefBase.uasset" 70
"../../../Engine/Content/EngineMaterials/BlendFunc_DefBlend.uasset" 71
"../../../Engine/Content/Functions/Engine_MaterialFunctions03/Blends/Blend_Screen.uasset" 72
"../../../Engine/Content/EditorMaterials/TilingAAGrid.uasset" 73
"../../../Engine/Content/EditorMaterials/LevelGridMaterial.uasset" 74
"../../../Engine/Content/EditorMaterials/MakeCompositeARGBLayer.uasset" 75
"../../../Engine/Content/EditorResources/LevelGrid1DStripes.uasset" 76
"../../../Engine/Content/EditorMaterials/TextureGridCascaded1D.uasset" 77
"../../../Engine/Content/EditorMaterials/TextureGridCascaded2D.uasset" 78
"../../../Engine/Content/EditorMaterials/LevelGridMaterial2.uasset" 79
"../../../Engine/Content/EditorMaterials/MAT_Groups_Toggle.uasset" 80
"../../../Engine/Content/EditorMaterials/MAT_Groups_Visibility.uasset" 81
"../../../Engine/Content/EditorMaterials/AntialiasedGridFloor.uasset" 82
"../../../Engine/Content/EditorResources/TilePatine_D.uasset" 83
"../../../Engine/Content/EditorResources/TilePatine_N.uasset" 84
"../../../Engine/Content/EngineMaterials/Grid.uasset" 85
"../../../Engine/Content/EditorMaterials/PersonaFloorMat.uasset" 86
"../../../Engine/Content/EditorMaterials/PhAT_BoneSelectedMaterial.uasset" 87
"../../../Engine/Content/EditorMaterials/PhAT_ElemSelectedMaterial.uasset" 88
"../../../Engine/Content/EditorMaterials/PhAT_NoCollisionMaterial.uasset" 89
"../../../Engine/Content/EditorMaterials/PhAT_UnselectedMaterial.uasset" 90
"../../../Engine/Content/EditorMaterials/PreviewShadowIndicator.uasset" 91
"../../../Engine/Content/EditorMaterials/PreviewShadowIndicatorMaterial.uasset" 92
"../../../Engine/Content/EditorMaterials/TargetIcon.uasset" 93
"../../../Engine/Content/EditorMaterials/Tick.uasset" 94
"../../../Engine/Content/EditorMaterials/Tick_Mat.uasset" 95
"../../../Engine/Content/EditorMaterials/WidgetGridVertexColorMaterial.uasset" 96
"../../../Engine/Content/EditorMaterials/WidgetGridVertexColorMaterial_Ma.uasset" 97
"../../../Engine/Content/EditorMaterials/WidgetMaterial.uasset" 98
"../../../Engine/Content/EditorMaterials/WidgetMaterial_Current.uasset" 99
"../../../Engine/Content/EditorMaterials/WidgetMaterial_X.uasset" 100
"../../../Engine/Content/EditorMaterials/WidgetMaterial_Y.uasset" 101
"../../../Engine/Content/EditorMaterials/WidgetMaterial_Z.uasset" 102
"../../../Engine/Content/EditorMaterials/WidgetVertexColorMaterial.uasset" 103
"../../../Engine/Content/EditorMaterials/AssetViewer/EpicQuadPanorama_CC+EV1.uasset" 104
"../../../Engine/Content/MapTemplates/Sky/SunsetAmbientCubemap.uasset" 105
"../../../Engine/Content/EditorMaterials/AssetViewer/M_SkyBox.uasset" 106
"../../../Engine/Content/EditorMaterials/Cascade/CASC_Cross.uasset" 107
"../../../Engine/Content/EditorMaterials/Cascade/CASC_CurveEd.uasset" 108
"../../../Engine/Content/EditorMaterials/Cascade/CASC_DisabledModule.uasset" 109
"../../../Engine/Content/EditorMaterials/Cascade/CASC_Lights.uasset" 110
"../../../Engine/Content/EditorMaterials/Cascade/CASC_ModuleDisable.uasset" 111
"../../../Engine/Content/EditorMaterials/Cascade/CASC_ModuleEnable.uasset" 112
"../../../Engine/Content/EditorMaterials/Cascade/CASC_None.uasset" 113
"../../../Engine/Content/EditorMaterials/Cascade/CASC_Normal.uasset" 114
"../../../Engine/Content/EditorMaterials/Cascade/CASC_Point.uasset" 115
"../../../Engine/Content/EditorMaterials/Cascade/CASC_Solo_Off.uasset" 116
"../../../Engine/Content/EditorMaterials/Cascade/CASC_Solo_On.uasset" 117
"../../../Engine/Content/EditorMaterials/MatineeGroups/MAT_ColorTrack.uasset" 118
"../../../Engine/Content/EditorMaterials/MatineeGroups/MAT_Groups_Anim.uasset" 119
"../../../Engine/Content/EditorMaterials/MatineeGroups/MAT_Groups_AudioMaster.uasset" 120
"../../../Engine/Content/EditorMaterials/MatineeGroups/MAT_Groups_Director.uasset" 121
"../../../Engine/Content/EditorMaterials/MatineeGroups/MAT_Groups_Event.uasset" 122
"../../../Engine/Content/EditorMaterials/MatineeGroups/MAT_Groups_Fade.uasset" 123
"../../../Engine/Content/EditorMaterials/MatineeGroups/MAT_Groups_Float.uasset" 124
"../../../Engine/Content/EditorMaterials/MatineeGroups/MAT_Groups_Move.uasset" 125
"../../../Engine/Content/EditorMaterials/MatineeGroups/MAT_Groups_Slomo.uasset" 126
"../../../Engine/Content/EditorMaterials/MatineeGroups/MAT_Groups_Sound.uasset" 127
"../../../Engine/Content/EditorMaterials/MatineeGroups/MAT_Groups_Vector.uasset" 128
"../../../Engine/Content/EditorMaterials/ParticleSystems/PSysThumbnail_NoImage.uasset" 129
"../../../Engine/Content/EditorMaterials/ParticleSystems/PSysThumbnail_OOD.uasset" 130
"../../../Engine/Content/EditorMaterials/Thumbnails/FloorPlaneMaterial.uasset" 131
"../../../Engine/Content/EditorMeshes/AnimTreeEd_PreviewFloor.uasset" 132
"../../../Engine/Content/EditorMeshes/ArcadeEditorSphere.uasset" 133
"../../../Engine/Content/EditorMeshes/EditorCube.uasset" 134
"../../../Engine/Content/EditorMeshes/EditorCylinder.uasset" 135
"../../../Engine/Content/EditorMeshes/EditorPlane.uasset" 136
"../../../Engine/Content/EditorMaterials/Thumbnails/SkySphereMaterial.uasset" 137
"../../../Engine/Content/EditorMeshes/EditorSkySphere.uasset" 138
"../../../Engine/Content/EditorResources/MatineeCam_D.uasset" 139
"../../../Engine/Content/EditorMaterials/MatineeCam_mat.uasset" 140
"../../../Engine/Content/EditorMeshes/MatineeCam_SM.uasset" 141
"../../../Engine/Content/Functions/Engine_MaterialFunctions01/Shading/ConvertFromDiffSpec.uasset" 142
"../../../Engine/Content/EditorMaterials/GridMaterial.uasset" 143
"../../../Engine/Content/EditorMeshes/PhAT_FloorBox.uasset" 144
"../../../Engine/Content/EditorMeshes/AssetViewer/Floor_Mesh.uasset" 145
"../../../Engine/Content/EditorMeshes/AssetViewer/Sphere_inversenormals.uasset" 146
"../../../Engine/Content/EditorMaterials/Camera/CineMat.uasset" 147
"../../../Engine/Content/EditorMaterials/Camera/MI_CineMat_CameraBody.uasset" 148
"../../../Engine/Content/EngineDebugMaterials/M_SimpleOpaque.uasset" 149
"../../../Engine/Content/EditorMaterials/Camera/MI_CineMat_CamViewFinder.uasset" 150
"../../../Engine/Content/EditorMeshes/Camera/SM_CineCam.uasset" 151
"../../../Engine/Content/EditorMaterials/Camera/MI_CineMat_Rig.uasset" 152
"../../../Engine/Content/EditorMeshes/Camera/SM_CraneRig_Arm.uasset" 153
"../../../Engine/Content/EditorMeshes/Camera/SM_CraneRig_Base.uasset" 154
"../../../Engine/Content/EditorMeshes/Camera/SM_CraneRig_Body.uasset" 155
"../../../Engine/Content/EditorMeshes/Camera/SM_CraneRig_Mount.uasset" 156
"../../../Engine/Content/EditorMeshes/Camera/SM_RailRig_Mount.uasset" 157
"../../../Engine/Content/EditorMeshes/Camera/SM_RailRig_Track.uasset" 158
"../../../Engine/Content/EditorResources/Bad.uasset" 159
"../../../Engine/Content/EditorResources/BadBlueprintSprite.uasset" 160
"../../../Engine/Content/EditorResources/BSPVertex.uasset" 161
"../../../Engine/Content/EditorResources/EmptyActor.uasset" 162
"../../../Engine/Content/EditorResources/MatInstActSprite.uasset" 163
"../../../Engine/Content/EditorResources/SceneManager.uasset" 164
"../../../Engine/Content/EditorResources/SimplygonLogo.uasset" 165
"../../../Engine/Content/EditorResources/SmallFont.uasset" 166
"../../../Engine/Content/EditorResources/S_Actor.uasset" 167
"../../../Engine/Content/EditorResources/S_DecalActorIcon.uasset" 168
"../../../Engine/Content/EditorResources/S_Emitter.uasset" 169
"../../../Engine/Content/EditorResources/S_ExpoHeightFog.uasset" 170
"../../../Engine/Content/EditorResources/S_FTest.uasset" 171
"../../../Engine/Content/EditorResources/S_KBSJoint.uasset" 172
"../../../Engine/Content/EditorResources/S_KHinge.uasset" 173
"../../../Engine/Content/EditorResources/S_KPrismatic.uasset" 174
"../../../Engine/Content/EditorResources/S_LevelSequence.uasset" 175
"../../../Engine/Content/EditorResources/S_NavP.uasset" 176
"../../../Engine/Content/EditorResources/S_Note.uasset" 177
"../../../Engine/Content/EditorResources/S_Player.uasset" 178
"../../../Engine/Content/EditorResources/S_PortalActorIcon2.uasset" 179
"../../../Engine/Content/EditorResources/S_RadForce.uasset" 180
"../../../Engine/Content/EditorResources/S_ReflActorIcon.uasset" 181
"../../../Engine/Content/EditorResources/S_Terrain.uasset" 182
"../../../Engine/Content/EditorResources/S_TextRenderActorIcon.uasset" 183
"../../../Engine/Content/EditorResources/S_Thruster.uasset" 184
"../../../Engine/Content/EditorResources/S_Trigger.uasset" 185
"../../../Engine/Content/EditorResources/S_VectorFieldVol.uasset" 186
"../../../Engine/Content/EditorResources/S_WindDirectional.uasset" 187
"../../../Engine/Content/EditorResources/AI/S_NavLink.uasset" 188
"../../../Engine/Content/EditorResources/AudioIcons/S_AudioComponent_AutoActivate.uasset" 189
"../../../Engine/Content/EditorResources/LightIcons/SkyLight.uasset" 190
"../../../Engine/Content/EditorResources/LightIcons/S_LightDirectional.uasset" 191
"../../../Engine/Content/EditorResources/LightIcons/S_LightDirectionalMove.uasset" 192
"../../../Engine/Content/EditorResources/LightIcons/S_LightError.uasset" 193
"../../../Engine/Content/EditorResources/LightIcons/S_LightPoint.uasset" 194
"../../../Engine/Content/EditorResources/LightIcons/S_LightPointMove.uasset" 195
"../../../Engine/Content/EditorResources/LightIcons/S_LightSpot.uasset" 196
"../../../Engine/Content/EditorResources/LightIcons/S_LightSpotMove.uasset" 197
"../../../Engine/Content/EditorResources/SequenceRecorder/Countdown.uasset" 198
"../../../Engine/Content/EditorResources/SequenceRecorder/RecordingIndicator.uasset" 199
"../../../Engine/Content/EditorResources/Spline/T_Loft_Spline.uasset" 200
"../../../Engine/Content/EditorSounds/Notifications/CompileFailed.uasset" 201
"../../../Engine/Content/EditorSounds/Notifications/CompileFailed_Cue.uasset" 202
"../../../Engine/Content/EditorSounds/Notifications/CompileSuccess.uasset" 203
"../../../Engine/Content/EditorSounds/Notifications/CompileStart_Cue.uasset" 204
"../../../Engine/Content/EditorSounds/Notifications/CompileSuccess_Cue.uasset" 205
"../../../Engine/Content/EngineDamageTypes/DmgTypeBP_Environmental.uasset" 206
"../../../Engine/Content/EngineDebugMaterials/HeatmapGradient.uasset" 207
"../../../Engine/Content/EngineDebugMaterials/BoneWeightMaterial.uasset" 208
"../../../Engine/Content/EngineDebugMaterials/ClothMaterial.uasset" 209
"../../../Engine/Content/EngineDebugMaterials/ClothMaterial_WF.uasset" 210
"../../../Engine/Content/EngineDebugMaterials/DebugEditorMaterial.uasset" 211
"../../../Engine/Content/EngineDebugMaterials/DebugMeshMaterial.uasset" 212
"../../../Engine/Content/EngineDebugMaterials/GeomMaterial.uasset" 213
"../../../Engine/Content/EngineDebugMaterials/LevelColorationLitMaterial.uasset" 214
"../../../Engine/Content/EngineDebugMaterials/LevelColorationUnlitMaterial.uasset" 215
"../../../Engine/Content/EngineMaterials/DefaultWhiteGrid.uasset" 216
"../../../Engine/Content/EngineDebugMaterials/MAT_LevelColorationLitLightmapUV.uasset" 217
"../../../Engine/Content/EngineDebugMaterials/M_SimpleTranslucent.uasset" 218
"../../../Engine/Content/EngineDebugMaterials/ShadedLevelColorationLitMaterial.uasset" 219
"../../../Engine/Content/EngineDebugMaterials/ShadedLevelColorationUnlitMateri.uasset" 220
"../../../Engine/Content/EngineDebugMaterials/VertexColorMaterial.uasset" 221
"../../../Engine/Content/EngineDebugMaterials/VertexColorViewMode_AlphaAsColor.uasset" 222
"../../../Engine/Content/EngineDebugMaterials/VertexColorViewMode_BlueOnly.uasset" 223
"../../../Engine/Content/EngineDebugMaterials/VertexColorViewMode_ColorOnly.uasset" 224
"../../../Engine/Content/EngineDebugMaterials/VertexColorViewMode_GreenOnly.uasset" 225
"../../../Engine/Content/EngineDebugMaterials/VertexColorViewMode_RedOnly.uasset" 226
"../../../Engine/Content/EngineDebugMaterials/WireframeMaterial.uasset" 227
"../../../Engine/Content/EngineFonts/Faces/RobotoBold.uasset" 228
"../../../Engine/Content/EngineFonts/Faces/RobotoBoldItalic.uasset" 229
"../../../Engine/Content/EngineFonts/Faces/RobotoItalic.uasset" 230
"../../../Engine/Content/EngineFonts/Faces/RobotoLight.uasset" 231
"../../../Engine/Content/EngineFonts/Faces/RobotoRegular.uasset" 232
"../../../Engine/Content/EngineFonts/Roboto.uasset" 233
"../../../Engine/Content/EngineFonts/Faces/RobotoTiny.uasset" 234
"../../../Engine/Content/EngineFonts/RobotoTiny.uasset" 235
"../../../Engine/Content/EngineFonts/SmallFont.uasset" 236
"../../../Engine/Content/EngineFonts/TinyFont.uasset" 237
"../../../Engine/Content/EngineMaterials/BaseFlattenDiffuseMap.uasset" 238
"../../../Engine/Content/EngineMaterials/BaseFlattenEmissiveMap.uasset" 239
"../../../Engine/Content/EngineMaterials/BaseFlattenGrayscaleMap.uasset" 240
"../../../Engine/Content/EngineMaterials/BaseFlattenNormalMap.uasset" 241
"../../../Engine/Content/EngineMaterials/BaseFlattenMaterial.uasset" 242
"../../../Engine/Content/EngineResources/WhiteSquareTexture.uasset" 243
"../../../Engine/Content/EngineMaterials/BlinkingCaret.uasset" 244
"../../../Engine/Content/EngineMaterials/DefaultBloomKernel.uasset" 245
"../../../Engine/Content/EngineMaterials/DefaultBokeh.uasset" 246
"../../../Engine/Content/EngineMaterials/DefaultDiffuse.uasset" 247
"../../../Engine/Content/EngineMaterials/DefaultDeferredDecalMaterial.uasset" 248
"../../../Engine/Content/EngineMaterials/DefaultDiffuse_TC_Masks.uasset" 249
"../../../Engine/Content/EngineMaterials/DefaultLightFunctionMaterial.uasset" 250
"../../../Engine/Content/EngineMaterials/DefaultNormal.uasset" 251
"../../../Engine/Content/EngineMaterials/DefaultPostProcessMaterial.uasset" 252
"../../../Engine/Content/EngineFonts/RobotoDistanceField.uasset" 253
"../../../Engine/Content/EngineMaterials/DefaultTextMaterialOpaque.uasset" 254
"../../../Engine/Content/EngineMaterials/EditorBrushMaterial.uasset" 255
"../../../Engine/Content/EngineMaterials/Good64x64TilingNoiseHighFreq.uasset" 256
"../../../Engine/Content/EngineMaterials/Grid_N.uasset" 257
"../../../Engine/Content/EngineMaterials/HighResolutionScreenshotMaskFunction.uasset" 258
"../../../Engine/Content/EngineMaterials/HighResScreenshot.uasset" 259
"../../../Engine/Content/EngineMaterials/HighResScreenshotCaptureRegion.uasset" 260
"../../../Engine/Content/EngineMaterials/HighResScreenshotMask.uasset" 261
"../../../Engine/Content/EngineMaterials/LandscapeHolePhysicalMaterial.uasset" 262
"../../../Engine/Content/EngineMaterials/InvalidLightmapSettings.uasset" 263
"../../../Engine/Content/EngineMaterials/M_InvalidLightmapSettings.uasset" 264
"../../../Engine/Content/EngineMaterials/PaperDiffuse.uasset" 265
"../../../Engine/Content/EngineMaterials/PaperNormal.uasset" 266
"../../../Engine/Content/Functions/Engine_MaterialFunctions02/WorldPositionOffset/CameraOffset.uasset" 267
"../../../Engine/Content/EngineMaterials/PhAT_JointLimitMaterial.uasset" 268
"../../../Engine/Content/EngineMaterials/PhysMat_Rubber.uasset" 269
"../../../Engine/Content/EngineMaterials/PreintegratedSkinBRDF.uasset" 270
"../../../Engine/Content/EngineMaterials/RemoveSurfaceMaterial.uasset" 271
"../../../Engine/Content/EngineMaterials/WeightMapPlaceholderTexture.uasset" 272
"../../../Engine/Content/EngineMaterials/Widget3DPassThrough.uasset" 273
"../../../Engine/Content/EngineMaterials/Widget3DPassThrough_Masked.uasset" 274
"../../../Engine/Content/EngineMaterials/Widget3DPassThrough_Opaque.uasset" 275
"../../../Engine/Content/EngineMaterials/Widget3DPassThrough_Masked_OneSided.uasset" 276
"../../../Engine/Content/EngineMaterials/Widget3DPassThrough_Opaque_OneSided.uasset" 277
"../../../Engine/Content/EngineMaterials/Widget3DPassThrough_Translucent.uasset" 278
"../../../Engine/Content/EngineMaterials/Widget3DPassThrough_Translucent_OneSided.uasset" 279
"../../../Engine/Content/EngineMeshes/Cube.uasset" 280
"../../../Engine/Content/EngineMeshes/Cylinder.uasset" 281
"../../../Engine/Content/EngineMeshes/Sphere.uasset" 282
"../../../Engine/Content/EngineResources/Black.uasset" 283
"../../../Engine/Content/EngineResources/DefaultTexture.uasset" 284
"../../../Engine/Content/EngineResources/DefaultTextureCube.uasset" 285
"../../../Engine/Content/EngineResources/DefaultVolumeTexture2D.uasset" 286
"../../../Engine/Content/EngineResources/DefaultVolumeTexture.uasset" 287
"../../../Engine/Content/EngineResources/GradientTexture0.uasset" 288
"../../../Engine/Content/EngineResources/StreamingPauseIcon.uasset" 289
"../../../Engine/Content/EngineResources/M_StreamingPause.uasset" 290
"../../../Engine/Content/EngineSky/C_Sky_Cloud_Color.uasset" 291
"../../../Engine/Content/EngineSky/C_Sky_Horizon_Color.uasset" 292
"../../../Engine/Content/EngineSky/C_Sky_Zenith_Color.uasset" 293
"../../../Engine/Content/EngineSky/T_Sky_Blue.uasset" 294
"../../../Engine/Content/EngineSky/T_Sky_Clouds_M.uasset" 295
"../../../Engine/Content/EngineSky/T_Sky_Stars.uasset" 296
"../../../Engine/Content/EngineSky/M_Sky_Panning_Clouds2.uasset" 297
"../../../Engine/Content/Functions/Engine_MaterialFunctions02/3PointLevels.uasset" 298
"../../../../../Unreal_Projects/My_Jewels/Content/PuzzleBP/Blueprints/SKYBOX/Space_SkyBox_Param.uasset" 299
"../../../../../Unreal_Projects/My_Jewels/Content/PuzzleBP/Blueprints/SKYBOX/space.uasset" 300
"../../../../../Unreal_Projects/My_Jewels/Content/PuzzleBP/Blueprints/SKYBOX/space_gr.uasset" 301
"../../../../../Unreal_Projects/My_Jewels/Content/PuzzleBP/Blueprints/SKYBOX/Space_MAT.uasset" 302
"../../../Engine/Content/EngineSky/SM_SkySphere.uasset" 303
"../../../Engine/Content/EngineSky/BP_Sky_Sphere.uasset" 304
"../../../Engine/Content/EngineSounds/Master.uasset" 305
"../../../Engine/Content/Functions/Engine_MaterialFunctions01/Shading/PowerToRoughness.uasset" 306
"../../../Engine/Content/Functions/Engine_MaterialFunctions01/Vectors/RotateVector.uasset" 307
"../../../Engine/Content/Functions/Engine_MaterialFunctions01/Texturing/SkyboxImage.uasset" 308
"../../../Engine/Content/Maps/Entry_BuiltData.uasset" 309
"../../../Engine/Content/Maps/Templates/Thumbnails/Default.uasset" 310
"../../../Engine/Content/Maps/Templates/Thumbnails/VR-Basic.uasset" 311
"../../../Engine/Content/MapTemplates/Sky/DaylightAmbientCubemap.uasset" 312
"../../../Engine/Content/MobileResources/T_MobileControls_texture.uasset" 313
"../../../Engine/Content/MobileResources/T_MobileMenu2.uasset" 314
"../../../Engine/Content/MobileResources/HUD/AnalogHat.uasset" 315
"../../../Engine/Content/MobileResources/HUD/VirtualJoystick_Background.uasset" 316
"../../../Engine/Content/MobileResources/HUD/VirtualJoystick_Thumb.uasset" 317
"../../../Engine/Content/MobileResources/HUD/DefaultVirtualJoysticks.uasset" 318
"../../../Engine/Content/MobileResources/HUD/LeftVirtualJoystickOnly.uasset" 319
"../../../Engine/Content/MobileResources/HUD/MobileHUDButton1_off.uasset" 320
"../../../Engine/Content/MobileResources/HUD/MobileHUDButton1_on.uasset" 321
"../../../Engine/Content/MobileResources/HUD/MobileHUDButton2_off.uasset" 322
"../../../Engine/Content/MobileResources/HUD/MobileHUDButton2_on.uasset" 323
"../../../Engine/Content/MobileResources/HUD/MobileHUDButton3.uasset" 324
"../../../Engine/Content/MobileResources/HUD/MobileHUDButtonFire.uasset" 325
"../../../Engine/Content/MobileResources/HUD/MobileHUDDirectionPad.uasset" 326
"../../../Engine/Content/MobileResources/HUD/MobileHUDDirectionPad2.uasset" 327
"../../../Engine/Content/MobileResources/HUD/MobileHUDDirectionPad3.uasset" 328
"../../../Engine/Content/MobileResources/HUD/MobileHUDDirectionStick.uasset" 329
"../../../Engine/Content/MobileResources/HUD/T_Castle_ThumbstickInner.uasset" 330
"../../../Engine/Content/MobileResources/HUD/T_Castle_ThumbstickOutter.uasset" 331
"../../../Engine/Content/Tutorial/ContentIntroCurve.uasset" 332
"../../../Engine/Content/Tutorial/Basics/TutorialAssets/icon_tab_Levels_40x.uasset" 333
"../../../Engine/Content/Tutorial/BlueprintTutorials/TutorialAssets/Blueprint_64x.uasset" 334
"../../../Engine/Content/Tutorial/Foliage/TutorialAssets/Foliage.uasset" 335
"../../../Engine/Content/Tutorial/Mobile/TutorialAssets/android_Icon.uasset" 336
"../../../Engine/Content/Tutorial/SubEditors/TutorialAssets/TutorialMaterial.uasset" 337
"../../../Engine/Content/Tutorial/SubEditors/TutorialAssets/T_SmokeSubUV_8X8.uasset" 338
"../../../Engine/Content/Tutorial/SubEditors/TutorialAssets/T_soft_smoke.uasset" 339
"../../../Engine/Content/Tutorial/SubEditors/TutorialAssets/M_smoke_subUV_blackbody.uasset" 340
"../../../Engine/Content/Tutorial/SubEditors/TutorialAssets/TutorialParticleSystem.uasset" 341
"../../../Engine/Content/VREditor/Sounds/VR_click1.uasset" 342
"../../../Engine/Content/VREditor/Sounds/VR_click1_Cue.uasset" 343
"../../../Engine/Content/VREditor/Sounds/VR_click2.uasset" 344
"../../../Engine/Content/VREditor/Sounds/VR_click2_Cue.uasset" 345
"../../../Engine/Content/VREditor/Sounds/VR_click3.uasset" 346
"../../../Engine/Content/VREditor/Sounds/VR_click3_Cue.uasset" 347
"../../../Engine/Content/VREditor/Sounds/VR_close.uasset" 348
"../../../Engine/Content/VREditor/Sounds/VR_close_Cue.uasset" 349
"../../../Engine/Content/VREditor/Sounds/VR_confirm.uasset" 350
"../../../Engine/Content/VREditor/Sounds/VR_confirm_Cue.uasset" 351
"../../../Engine/Content/VREditor/Sounds/VR_grab.uasset" 352
"../../../Engine/Content/VREditor/Sounds/VR_grab_Cue.uasset" 353
"../../../Engine/Content/VREditor/Sounds/VR_negative.uasset" 354
"../../../Engine/Content/VREditor/Sounds/VR_negative_Cue.uasset" 355
"../../../Engine/Content/VREditor/Sounds/VR_objectRotateLoop_01.uasset" 356
"../../../Engine/Content/VREditor/Sounds/VR_objectRotateLoop_01_Cue.uasset" 357
"../../../Engine/Content/VREditor/Sounds/VR_objectRotateLoop_02.uasset" 358
"../../../Engine/Content/VREditor/Sounds/VR_objectRotateLoop_02_Cue.uasset" 359
"../../../Engine/Content/VREditor/Sounds/VR_object_grabbed_loop.uasset" 360
"../../../Engine/Content/VREditor/Sounds/VR_object_grabbed_loop_Cue.uasset" 361
"../../../Engine/Content/VREditor/Sounds/VR_open.uasset" 362
"../../../Engine/Content/VREditor/Sounds/VR_open_Cue.uasset" 363
"../../../Engine/Content/VREditor/Sounds/VR_shep_scale_down_01.uasset" 364
"../../../Engine/Content/VREditor/Sounds/VR_shep_scale_down_01_Cue.uasset" 365
"../../../Engine/Content/VREditor/Sounds/VR_shep_scale_down_02.uasset" 366
"../../../Engine/Content/VREditor/Sounds/VR_shep_scale_down_02_Cue.uasset" 367
"../../../Engine/Content/VREditor/Sounds/VR_shep_scale_down_03.uasset" 368
"../../../Engine/Content/VREditor/Sounds/VR_shep_scale_down_03_Cue.uasset" 369
"../../../Engine/Content/VREditor/Sounds/VR_shep_scale_down_04.uasset" 370
"../../../Engine/Content/VREditor/Sounds/VR_shep_scale_down_04_Cue.uasset" 371
"../../../Engine/Content/VREditor/Sounds/VR_shep_scale_up_01.uasset" 372
"../../../Engine/Content/VREditor/Sounds/VR_shep_scale_up_01_Cue.uasset" 373
"../../../Engine/Content/VREditor/Sounds/VR_shep_scale_up_02.uasset" 374
"../../../Engine/Content/VREditor/Sounds/VR_shep_scale_up_02_Cue.uasset" 375
"../../../Engine/Content/VREditor/Sounds/VR_shep_scale_up_03.uasset" 376
"../../../Engine/Content/VREditor/Sounds/VR_shep_scale_up_03_Cue.uasset" 377
"../../../Engine/Content/VREditor/Sounds/VR_shep_scale_up_04.uasset" 378
"../../../Engine/Content/VREditor/Sounds/VR_shep_scale_up_04_Cue.uasset" 379
"../../../Engine/Content/VREditor/Sounds/VR_teleport.uasset" 380
"../../../Engine/Content/VREditor/Sounds/VR_teleport_Cue.uasset" 381
"../../../Engine/Content/VREditor/Sounds/VR_ungrab.uasset" 382
"../../../Engine/Content/VREditor/Sounds/VR_ungrab_Cue.uasset" 383
"../../../Engine/Content/VREditor/Sounds/VR_WorldMoveLoop_01.uasset" 384
"../../../Engine/Content/VREditor/Sounds/VR_WorldMoveLoop_01_Cue.uasset" 385
"../../../Engine/Content/VREditor/Sounds/VR_WorldMoveLoop_02.uasset" 386
"../../../Engine/Content/VREditor/Sounds/VR_WorldMoveLoop_02_Cue.uasset" 387
"../../../Engine/Content/VREditor/LaserPointer/VR_LaserPower_01.uasset" 388
"../../../Engine/Content/VREditor/TransformGizmo/TransformGizmoMaterial.uasset" 389
"../../../Engine/Content/VREditor/TransformGizmo/TranslucentTransformGizmoMaterial.uasset" 390
"../../../Engine/Content/VREditor/TransformGizmo/BoundingBoxCorner.uasset" 391
"../../../Engine/Content/VREditor/TransformGizmo/BoundingBoxEdge.uasset" 392
"../../../Engine/Content/VREditor/TransformGizmo/PlaneTranslationHandle.uasset" 393
"../../../Engine/Content/VREditor/TransformGizmo/Main.uasset" 394
"../../../Engine/Content/VREditor/TransformGizmo/Xray.uasset" 395
"../../../Engine/Content/VREditor/TransformGizmo/SM_Sequencer_Key.uasset" 396
"../../../Engine/Content/VREditor/TransformGizmo/SM_Sequencer_Node.uasset" 397
"../../../Engine/Content/VREditor/UI/KeyDiskMaterial.uasset" 398
"../../../Engine/Content/VREditor/UI/DiscMaterial.uasset" 399
"../../../Engine/Content/VREditor/UI/KeyMaterial.uasset" 400
"../../../Engine/Content/VREditor/UI/ArrowMaterial.uasset" 401
"../../../Engine/Content/VREditor/UI/SM_Radial_Pointer.uasset" 402
"../../../../../Unreal_Projects/My_Jewels/Content/PuzzleBP/Music_Sounds/MAGIC_SPELL.uasset" 403
"../../../../../Unreal_Projects/My_Jewels/Content/PuzzleBP/Music_Sounds/MAGIC_SPELL_Cue.uasset" 404
"../../../../../Unreal_Projects/My_Jewels/Content/PuzzleBP/Music_Sounds/PUZZLE_Success_Xylophone_2_Stab_Delay_stereo.uasset" 405
"../../../../../Unreal_Projects/My_Jewels/Content/PuzzleBP/Music_Sounds/PUZZLE_Success_Xylophone_2_Stab_Delay_stereo_Cue.uasset" 406
"../../../../../Unreal_Projects/My_Jewels/Content/StarterContent/Textures/T_Brick_Cut_Stone_D.uasset" 407
"../../../../../Unreal_Projects/My_Jewels/Content/StarterContent/Materials/M_Brick_Cut_Stone.uasset" 408
"../../../../../Unreal_Projects/My_Jewels/Content/StarterContent/Textures/T_Ground_Gravel_D.uasset" 409
"../../../../../Unreal_Projects/My_Jewels/Content/StarterContent/Materials/M_Ground_Gravel.uasset" 410
"../../../../../Unreal_Projects/My_Jewels/Content/StarterContent/Textures/T_Rock_Basalt_D.uasset" 411
"../../../../../Unreal_Projects/My_Jewels/Content/StarterContent/Materials/M_Rock_Basalt.uasset" 412
"../../../../../Unreal_Projects/My_Jewels/Content/StarterContent/Materials/M_Rock_Marble_Polished.uasset" 413
"../../../../../Unreal_Projects/My_Jewels/Content/StarterContent/Textures/T_Rock_Sandstone_D.uasset" 414
"../../../../../Unreal_Projects/My_Jewels/Content/StarterContent/Materials/M_Rock_Sandstone.uasset" 415
"../../../../../Unreal_Projects/My_Jewels/Content/StarterContent/Textures/T_Rock_Slate_D.uasset" 416
"../../../../../Unreal_Projects/My_Jewels/Content/StarterContent/Materials/M_Rock_Slate.uasset" 417
"../../../../../Unreal_Projects/My_Jewels/Content/StarterContent/Textures/T_Fire_Tiled_D.uasset" 418
"../../../../../Unreal_Projects/My_Jewels/Content/StarterContent/Textures/T_Rock_Marble_Polished_D.uasset" 419
"../../../../../Unreal_Projects/My_Jewels/Content/StarterContent/Textures/T_Statue_M.uasset" 420
"../../Plugins/2D/Paper2D/Content/PlaceholderTextures/DummySpriteTexture.uasset" 421
"../../Plugins/2D/Paper2D/Content/DummySprite.uasset" 422
"../../Plugins/2D/Paper2D/Content/DefaultPaperTerrainMaterial.uasset" 423
"../../Plugins/2D/Paper2D/Content/DefaultSpriteMaterial.uasset" 424
"../../Plugins/2D/Paper2D/Content/MaskedUnlitSpriteMaterial.uasset" 425
"../../Plugins/2D/Paper2D/Content/OpaqueUnlitSpriteMaterial.uasset" 426
"../../Plugins/Enterprise/DatasmithContent/Content/Blueprints/FBXImporter/ArrayOfActor.uasset" 427
"../../Plugins/Enterprise/DatasmithContent/Content/Blueprints/FBXImporter/ArrayOfSwitch.uasset" 428
"../../Plugins/Enterprise/DatasmithContent/Content/Blueprints/FBXImporter/BP_SceneNode.uasset" 429
"../../Plugins/Enterprise/DatasmithContent/Content/Blueprints/FBXImporter/BP_Switch.uasset" 430
"../../Plugins/Enterprise/DatasmithContent/Content/Blueprints/FBXImporter/BP_SceneRoot.uasset" 431
"../../Plugins/Enterprise/DatasmithContent/Content/Blueprints/FBXImporter/FBXImporterUtils.uasset" 432
"../../Plugins/Enterprise/DatasmithContent/Content/Blueprints/FBXImporter/Animation/DeltaGenAnimationTrackType.uasset" 433
"../../Plugins/Enterprise/DatasmithContent/Content/Blueprints/FBXImporter/Animation/VREDAnimationTrackComponent.uasset" 434
"../../Plugins/Enterprise/DatasmithContent/Content/Blueprints/FBXImporter/Animation/VREDAnimationTrackType.uasset" 435
"../../Plugins/Enterprise/DatasmithContent/Content/Blueprints/FBXImporter/Animation/VREDAnimCurveComponent.uasset" 436
"../../Plugins/Enterprise/DatasmithContent/Content/Blueprints/FBXImporter/Animation/VREDAnimCurveType.uasset" 437
"../../Plugins/Enterprise/DatasmithContent/Content/Blueprints/FBXImporter/Variants/VariantSwitchType.uasset" 438
"../../Plugins/Enterprise/DatasmithContent/Content/Blueprints/FBXImporter/Variants/VREDVariantSwitchType.uasset" 439
"../../Plugins/Enterprise/DatasmithContent/Content/Blueprints/FBXImporter/Variants/VREDVariantType.uasset" 440
"../../Plugins/Runtime/Oculus/OculusVR/Content/Materials/PokeAHoleMaterial.uasset" 441
"../../Plugins/Runtime/Oculus/OculusVR/Content/Textures/GearVRController_AO.uasset" 442
"../../Plugins/Runtime/Oculus/OculusVR/Content/Textures/GearVRController_Color.uasset" 443
"../../Plugins/Runtime/Oculus/OculusVR/Content/Textures/GearVRController_Normal.uasset" 444
"../../Plugins/Runtime/Oculus/OculusVR/Content/Materials/GearVRControllerMaterial.uasset" 445
"../../Plugins/Runtime/Oculus/OculusVR/Content/Meshes/GearVrController.uasset" 446
"../../Plugins/Runtime/Oculus/OculusVR/Content/Textures/touchController_albedo.uasset" 447
"../../Plugins/Runtime/Oculus/OculusVR/Content/Textures/touchController_controlmap.uasset" 448
"../../Plugins/Runtime/Oculus/OculusVR/Content/Materials/touchController_mat.uasset" 449
"../../Plugins/Runtime/Oculus/OculusVR/Content/Meshes/LeftTouchController.uasset" 450
"../../Plugins/Runtime/Oculus/OculusVR/Content/Meshes/RiftHMD.uasset" 451
"../../Plugins/Runtime/Oculus/OculusVR/Content/Meshes/RightTouchController.uasset" 452
"../../../../../Unreal_Projects/My_Jewels/Content/PuzzleBP/Blueprints/SAVE_PLAYER_DATA_BP.uasset" 453
"../../../../../Unreal_Projects/My_Jewels/Content/PuzzleBP/Blueprints/Light_Source_BP.uasset" 454
"../../../../../Unreal_Projects/My_Jewels/Content/PuzzleBP/Planets/TEXT/black.uasset" 455
"../../../../../Unreal_Projects/My_Jewels/Content/PuzzleBP/Planets/MAT/BLACK_MT.uasset" 456
"../../../../../Unreal_Projects/My_Jewels/Content/PuzzleBP/Planets/TEXT/cherry.uasset" 457
"../../../../../Unreal_Projects/My_Jewels/Content/PuzzleBP/Planets/MAT/CHERY_MT.uasset" 458
"../../../../../Unreal_Projects/My_Jewels/Content/PuzzleBP/Planets/TEXT/green.uasset" 459
"../../../../../Unreal_Projects/My_Jewels/Content/PuzzleBP/Planets/MAT/GREEN_MT.uasset" 460
"../../../../../Unreal_Projects/My_Jewels/Content/PuzzleBP/Planets/TEXT/light_blue.uasset" 461
"../../../../../Unreal_Projects/My_Jewels/Content/PuzzleBP/Planets/MAT/LIGHT_BLUE_MT.uasset" 462
"../../../../../Unreal_Projects/My_Jewels/Content/PuzzleBP/Planets/TEXT/light_purple.uasset" 463
"../../../../../Unreal_Projects/My_Jewels/Content/PuzzleBP/Planets/MAT/LIGHT_PURPLE_MT.uasset" 464
"../../../../../Unreal_Projects/My_Jewels/Content/PuzzleBP/Planets/TEXT/purple.uasset" 465
"../../../../../Unreal_Projects/My_Jewels/Content/PuzzleBP/Planets/MAT/PURPLE_MT.uasset" 466
"../../../../../Unreal_Projects/My_Jewels/Content/PuzzleBP/Planets/MAT/Transparent_M.uasset" 467
"../../../../../Unreal_Projects/My_Jewels/Content/PuzzleBP/Planets/TEXT/yellow.uasset" 468
"../../../../../Unreal_Projects/My_Jewels/Content/PuzzleBP/Planets/MAT/YELLOW_MT.uasset" 469
"../../../Engine/Content/BasicShapes/Sphere.uasset" 470
"../../../../../Unreal_Projects/My_Jewels/Content/StarterContent/Props/MaterialSphere.uasset" 471
"../../../../../Unreal_Projects/My_Jewels/Content/PuzzleBP/Blueprints/BACKGROUND_PLANETS_BP.uasset" 472
"../../../../../Unreal_Projects/My_Jewels/Content/PuzzleBP/Blueprints/CameraActor_Blueprint.uasset" 473
"../../../../../Unreal_Projects/My_Jewels/Content/StarterContent/Textures/T_Burst_M.uasset" 474
"../../../../../Unreal_Projects/My_Jewels/Content/StarterContent/Particles/Materials/M_Burst.uasset" 475
"../../../../../Unreal_Projects/My_Jewels/Content/StarterContent/Textures/T_Explosion_SubUV.uasset" 476
"../../../../../Unreal_Projects/My_Jewels/Content/StarterContent/Particles/Materials/M_explosion_subUV.uasset" 477
"../../../../../Unreal_Projects/My_Jewels/Content/StarterContent/Particles/Materials/m_flare_01.uasset" 478
"../../../Engine/Content/Functions/Engine_MaterialFunctions01/Gradient/RadialGradient.uasset" 479
"../../../../../Unreal_Projects/My_Jewels/Content/StarterContent/Particles/Materials/M_radial_ramp.uasset" 480
"../../../../../Unreal_Projects/My_Jewels/Content/StarterContent/Textures/T_Smoke_SubUV.uasset" 481
"../../../../../Unreal_Projects/My_Jewels/Content/StarterContent/Textures/T_Smoke_Tiled_D.uasset" 482
"../../../../../Unreal_Projects/My_Jewels/Content/StarterContent/Particles/Materials/M_smoke_subUV.uasset" 483
"../../../../../Unreal_Projects/My_Jewels/Content/StarterContent/Particles/P_JEWEL_EXPLOSION.uasset" 484
"../../../../../Unreal_Projects/My_Jewels/Content/PuzzleBP/Blueprints/EXPLOSION_BP.uasset" 485
"../../../../../Unreal_Projects/My_Jewels/Content/PuzzleBP/WIdjets/FONTS/MinstrelPosterNF.uasset" 486
"../../../../../Unreal_Projects/My_Jewels/Content/PuzzleBP/WIdjets/FONTS/MinstrelPosterNF_Font.uasset" 487
"../../../../../Unreal_Projects/My_Jewels/Content/PuzzleBP/WIdjets/SCORE_WIDJET_BP.uasset" 488
"../../../../../Unreal_Projects/My_Jewels/Content/PuzzleBP/Blueprints/Points_BP.uasset" 489
"../../../../../Unreal_Projects/My_Jewels/Content/PuzzleBP/WIdjets/LEVEL-UP-BLUE.uasset" 490
"../../../../../Unreal_Projects/My_Jewels/Content/PuzzleBP/WIdjets/LEVEL-UP-GREEN.uasset" 491
"../../../../../Unreal_Projects/My_Jewels/Content/PuzzleBP/WIdjets/LEVEL-UP-PINK.uasset" 492
"../../../../../Unreal_Projects/My_Jewels/Content/PuzzleBP/WIdjets/LEVEL-UP-RED.uasset" 493
"../../../../../Unreal_Projects/My_Jewels/Content/PuzzleBP/WIdjets/LEVEL-UP-YELLOW.uasset" 494
"../../../../../Unreal_Projects/My_Jewels/Content/PuzzleBP/WIdjets/LEVELUP_WIDJET_BP.uasset" 495
"../../../../../Unreal_Projects/My_Jewels/Content/PuzzleBP/Music_Sounds/level_up.uasset" 496
"../../../../../Unreal_Projects/My_Jewels/Content/PuzzleBP/Music_Sounds/level_up_Cue.uasset" 497
"../../../../../Unreal_Projects/My_Jewels/Content/PuzzleBP/Music_Sounds/MAGIC_SPELL_start.uasset" 498
"../../../../../Unreal_Projects/My_Jewels/Content/PuzzleBP/Music_Sounds/MAGIC_SPELL_start_Cue.uasset" 499
"../../../../../Unreal_Projects/My_Jewels/Content/PuzzleBP/Music_Sounds/PUZZLE_Success_Digital_Three_Note_Climb_Dry_stereo.uasset" 500
"../../../../../Unreal_Projects/My_Jewels/Content/PuzzleBP/Music_Sounds/PUZZLE_Success_Digital_Three_Note_Climb_Dry_stereo_Cue.uasset" 501
"../../../../../Unreal_Projects/My_Jewels/Content/PuzzleBP/Music_Sounds/RESET_MAP.uasset" 502
"../../../../../Unreal_Projects/My_Jewels/Content/PuzzleBP/Music_Sounds/RESET_MAP_Cue.uasset" 503
"../../../../../Unreal_Projects/My_Jewels/Content/PuzzleBP/WIdjets/RESET.uasset" 504
"../../../../../Unreal_Projects/My_Jewels/Content/PuzzleBP/WIdjets/MAIN_WIDJET_BP.uasset" 505
"../../../../../Unreal_Projects/My_Jewels/Content/PuzzleBP/Blueprints/PuzzleBlockGrid.uasset" 506
"../../../../../Unreal_Projects/My_Jewels/Content/PuzzleBP/Planets/TEXT/blue.uasset" 507
"../../../../../Unreal_Projects/My_Jewels/Content/PuzzleBP/Planets/MAT/BLUE_MT.uasset" 508
"../../../../../Unreal_Projects/My_Jewels/Content/PuzzleBP/Planets/TEXT/orange.uasset" 509
"../../../../../Unreal_Projects/My_Jewels/Content/PuzzleBP/Planets/MAT/ORANGE_MT.uasset" 510
"../../../../../Unreal_Projects/My_Jewels/Content/PuzzleBP/Planets/TEXT/neon.uasset" 511
"../../../../../Unreal_Projects/My_Jewels/Content/PuzzleBP/Planets/MAT/PINK_MT.uasset" 512
"../../../../../Unreal_Projects/My_Jewels/Content/PuzzleBP/Planets/TEXT/red.uasset" 513
"../../../../../Unreal_Projects/My_Jewels/Content/PuzzleBP/Planets/MAT/RED_MT.uasset" 514
"../../../../../Unreal_Projects/My_Jewels/Content/PuzzleBP/Planets/TEXT/white.uasset" 515
"../../../../../Unreal_Projects/My_Jewels/Content/PuzzleBP/Planets/MAT/WHITE_MT.uasset" 516
"../../../../../Unreal_Projects/My_Jewels/Content/StarterContent/Materials/M_Rock.uasset" 517
"../../../Engine/Content/EditorMeshes/EditorSphere.uasset" 518
"../../../../../Unreal_Projects/My_Jewels/Content/PuzzleBP/Music_Sounds/Pick_Planet.uasset" 519
"../../../../../Unreal_Projects/My_Jewels/Content/PuzzleBP/Music_Sounds/Pick_Planet_Cue.uasset" 520
"../../../../../Unreal_Projects/My_Jewels/Content/PuzzleBP/Music_Sounds/WHOOSH_Air_Very_Fast_RR8_mono.uasset" 521
"../../../../../Unreal_Projects/My_Jewels/Content/PuzzleBP/Music_Sounds/WHOOSH_Air_Very_Fast_RR8_mono_Cue.uasset" 522
"../../../../../Unreal_Projects/My_Jewels/Content/StarterContent/Props/PuzzleCube.uasset" 523
"../../../../../Unreal_Projects/My_Jewels/Content/PuzzleBP/Blueprints/PuzzleBlock.uasset" 524
"../../../../../Unreal_Projects/My_Jewels/Content/PuzzleBP/Blueprints/PuzzlePlayerCharacter.uasset" 525
"../../../../../Unreal_Projects/My_Jewels/Content/PuzzleBP/Blueprints/PuzzlePlayerController.uasset" 526
"../../../../../Unreal_Projects/My_Jewels/Content/PuzzleBP/Blueprints/PuzzleGameMode.uasset" 527
"../../../../../Unreal_Projects/My_Jewels/Content/PuzzleBP/Blueprints/SKYBOX/Space_SkyBox_BP.uasset" 528
"../../../../../Unreal_Projects/My_Jewels/Content/PuzzleBP/WIdjets/LOGO_PLANET1_BP.uasset" 529
"../../../../../Unreal_Projects/My_Jewels/Content/PuzzleBP/WIdjets/LOGO_PLANET2_BP.uasset" 530
"../../../../../Unreal_Projects/My_Jewels/Content/PuzzleBP/WIdjets/LOGO_PLANET3_BP.uasset" 531
"../../../../../Unreal_Projects/My_Jewels/Content/PuzzleBP/WIdjets/BACK-TO-MENU.uasset" 532
"../../../../../Unreal_Projects/My_Jewels/Content/PuzzleBP/WIdjets/LETS-PLAY.uasset" 533
"../../../../../Unreal_Projects/My_Jewels/Content/PuzzleBP/WIdjets/PLAYERNAME_WIDJET_BP.uasset" 534
"../../../../../Unreal_Projects/My_Jewels/Content/PuzzleBP/Maps/MainMenu_BuiltData.uasset" 535
"../../../../../Unreal_Projects/My_Jewels/Content/PuzzleBP/WIdjets/INFO_FOR_LEADER_BOARD_WIDJET_BP.uasset" 536
"../../../../../Unreal_Projects/My_Jewels/Content/PuzzleBP/WIdjets/LEADERS__1_.uasset" 537
"../../../../../Unreal_Projects/My_Jewels/Content/PuzzleBP/WIdjets/LEADERS_WIDJET_BP.uasset" 538
"../../../../../Unreal_Projects/My_Jewels/Content/PuzzleBP/WIdjets/EXIT-GAME.uasset" 539
"../../../../../Unreal_Projects/My_Jewels/Content/PuzzleBP/WIdjets/LEADERS.uasset" 540
"../../Plugins/2D/Paper2D/Content/TranslucentUnlitSpriteMaterial.uasset" 541
"../../../../../Unreal_Projects/My_Jewels/Content/PuzzleBP/WIdjets/PLANETS-PUZZLE.uasset" 542
"../../../../../Unreal_Projects/My_Jewels/Content/PuzzleBP/WIdjets/PLANETS-PUZZLE_Sprite1.uasset" 543
"../../../../../Unreal_Projects/My_Jewels/Content/PuzzleBP/WIdjets/MENU_WIDJET_BP.uasset" 544
"../../../../../Unreal_Projects/My_Jewels/Content/PuzzleBP/Music_Sounds/track_bg_01.uasset" 545
"../../../../../Unreal_Projects/My_Jewels/Content/PuzzleBP/Music_Sounds/track_bg_02.uasset" 546
"../../../../../Unreal_Projects/My_Jewels/Content/PuzzleBP/Music_Sounds/track_bg_03.uasset" 547
"../../../../../Unreal_Projects/My_Jewels/Content/PuzzleBP/Music_Sounds/track_bg_04.uasset" 548
"../../../../../Unreal_Projects/My_Jewels/Content/PuzzleBP/Music_Sounds/track_bg_05.uasset" 549
"../../../../../Unreal_Projects/My_Jewels/Content/PuzzleBP/Music_Sounds/track_bg_06.uasset" 550
"../../../../../Unreal_Projects/My_Jewels/Content/PuzzleBP/Music_Sounds/track_bg_01_Cue.uasset" 551
"../../../../../Unreal_Projects/My_Jewels/Content/PuzzleBP/Maps/MainMenu.umap" 552
"../../../../../Unreal_Projects/My_Jewels/Content/PuzzleBP/Maps/PuzzleExampleMap_BuiltData.uasset" 553
"../../../../../Unreal_Projects/My_Jewels/Content/PuzzleBP/Music_Sounds/PUZZLE_Success_Bell_Voice_Three_Note_Climb_Wet_stereo.uasset" 554
"../../../../../Unreal_Projects/My_Jewels/Content/PuzzleBP/Music_Sounds/PUZZLE_Success_Bell_Voice_Three_Note_Climb_Wet_stereo_Cue.uasset" 555
"../../../../../Unreal_Projects/My_Jewels/Content/PuzzleBP/Maps/PuzzleExampleMap.umap" 556
