"../../../Engine/Content/Functions/Engine_MaterialFunctions01/Opacity/CameraDepthFade.uasset" 0
"../../../Engine/Content/EngineMaterials/T_Default_Material_Grid_M.uasset" 1
"../../../Engine/Content/EngineMaterials/T_Default_Material_Grid_N.uasset" 2
"../../../Engine/Content/EngineMaterials/WorldGridMaterial.uasset" 3
"../../../Engine/Content/ArtTools/RenderToTexture/Meshes/S_1_Unit_Plane.uasset" 4
"../../../Engine/Content/EngineMaterials/DefaultMaterial.uasset" 5
"../../../Engine/Content/BasicShapes/Cone.uasset" 6
"../../../Engine/Content/BasicShapes/Cube.uasset" 7
"../../../Engine/Content/BasicShapes/Cylinder.uasset" 8
"../../../Engine/Content/BasicShapes/Plane.uasset" 9
"../../../Engine/Content/EngineDamageTypes/DmgTypeBP_Environmental.uasset" 10
"../../../Engine/Content/EngineDebugMaterials/HeatmapGradient.uasset" 11
"../../../Engine/Content/EngineDebugMaterials/BoneWeightMaterial.uasset" 12
"../../../Engine/Content/EngineDebugMaterials/ClothMaterial.uasset" 13
"../../../Engine/Content/EngineDebugMaterials/ClothMaterial_WF.uasset" 14
"../../../Engine/Content/EngineDebugMaterials/DebugEditorMaterial.uasset" 15
"../../../Engine/Content/EngineDebugMaterials/DebugMeshMaterial.uasset" 16
"../../../Engine/Content/EngineDebugMaterials/GeomMaterial.uasset" 17
"../../../Engine/Content/EngineDebugMaterials/M_SimpleTranslucent.uasset" 18
"../../../Engine/Content/EngineFonts/Faces/RobotoBold.uasset" 19
"../../../Engine/Content/EngineFonts/Faces/RobotoBoldItalic.uasset" 20
"../../../Engine/Content/EngineFonts/Faces/RobotoItalic.uasset" 21
"../../../Engine/Content/EngineFonts/Faces/RobotoLight.uasset" 22
"../../../Engine/Content/EngineFonts/Faces/RobotoRegular.uasset" 23
"../../../Engine/Content/EngineFonts/Roboto.uasset" 24
"../../../Engine/Content/EngineFonts/Faces/RobotoTiny.uasset" 25
"../../../Engine/Content/EngineFonts/RobotoTiny.uasset" 26
"../../../Engine/Content/EngineMaterials/BaseFlattenDiffuseMap.uasset" 27
"../../../Engine/Content/EngineMaterials/BaseFlattenEmissiveMap.uasset" 28
"../../../Engine/Content/EngineMaterials/BaseFlattenGrayscaleMap.uasset" 29
"../../../Engine/Content/EngineMaterials/BaseFlattenNormalMap.uasset" 30
"../../../Engine/Content/EngineMaterials/BaseFlattenMaterial.uasset" 31
"../../../Engine/Content/EngineMaterials/DefaultBloomKernel.uasset" 32
"../../../Engine/Content/EngineMaterials/DefaultBokeh.uasset" 33
"../../../Engine/Content/EngineMaterials/DefaultDiffuse.uasset" 34
"../../../Engine/Content/EngineMaterials/DefaultDeferredDecalMaterial.uasset" 35
"../../../Engine/Content/EngineMaterials/DefaultLightFunctionMaterial.uasset" 36
"../../../Engine/Content/EngineMaterials/DefaultPhysicalMaterial.uasset" 37
"../../../Engine/Content/Functions/Engine_MaterialFunctions02/Utility/BreakOutFloat2Components.uasset" 38
"../../../Engine/Content/EngineMaterials/DefaultPostProcessMaterial.uasset" 39
"../../../Engine/Content/EngineFonts/RobotoDistanceField.uasset" 40
"../../../Engine/Content/EngineMaterials/DefaultTextMaterialOpaque.uasset" 41
"../../../Engine/Content/EngineMaterials/DefaultWhiteGrid.uasset" 42
"../../../Engine/Content/EngineMaterials/EditorBrushMaterial.uasset" 43
"../../../Engine/Content/EngineMaterials/Good64x64TilingNoiseHighFreq.uasset" 44
"../../../Engine/Content/EngineMaterials/MiniFont.uasset" 45
"../../../Engine/Content/EngineMaterials/InvalidLightmapSettings.uasset" 46
"../../../Engine/Content/EngineMaterials/M_InvalidLightmapSettings.uasset" 47
"../../../Engine/Content/Functions/Engine_MaterialFunctions02/WorldPositionOffset/CameraOffset.uasset" 48
"../../../Engine/Content/EngineMaterials/PhAT_JointLimitMaterial.uasset" 49
"../../../Engine/Content/EngineMaterials/PreintegratedSkinBRDF.uasset" 50
"../../../Engine/Content/EngineMaterials/RemoveSurfaceMaterial.uasset" 51
"../../../Engine/Content/EngineMaterials/WeightMapPlaceholderTexture.uasset" 52
"../../../Engine/Content/EngineResources/WhiteSquareTexture.uasset" 53
"../../../Engine/Content/EngineMaterials/Widget3DPassThrough.uasset" 54
"../../../Engine/Content/EngineMaterials/Widget3DPassThrough_Masked.uasset" 55
"../../../Engine/Content/EngineMaterials/Widget3DPassThrough_Opaque.uasset" 56
"../../../Engine/Content/EngineMaterials/Widget3DPassThrough_Masked_OneSided.uasset" 57
"../../../Engine/Content/EngineMaterials/Widget3DPassThrough_Opaque_OneSided.uasset" 58
"../../../Engine/Content/EngineMaterials/Widget3DPassThrough_Translucent.uasset" 59
"../../../Engine/Content/EngineMaterials/Widget3DPassThrough_Translucent_OneSided.uasset" 60
"../../../Engine/Content/EngineMeshes/Cylinder.uasset" 61
"../../../Engine/Content/EngineMeshes/Sphere.uasset" 62
"../../../Engine/Content/EngineResources/Black.uasset" 63
"../../../Engine/Content/EngineResources/DefaultTexture.uasset" 64
"../../../Engine/Content/EngineResources/DefaultTextureCube.uasset" 65
"../../../Engine/Content/EngineResources/DefaultVolumeTexture2D.uasset" 66
"../../../Engine/Content/EngineResources/DefaultVolumeTexture.uasset" 67
"../../../Engine/Content/EngineResources/GradientTexture0.uasset" 68
"../../../Engine/Content/EngineSounds/Master.uasset" 69
"../../../Engine/Content/Functions/Engine_MaterialFunctions01/Shading/ConvertFromDiffSpec.uasset" 70
"../../../Engine/Content/Functions/Engine_MaterialFunctions01/Shading/PowerToRoughness.uasset" 71
"../../../Engine/Content/Maps/Templates/Thumbnails/Default.uasset" 72
"../../../Engine/Content/Maps/Templates/Thumbnails/VR-Basic.uasset" 73
"../../../Engine/Content/MobileResources/T_MobileControls_texture.uasset" 74
"../../../Engine/Content/MobileResources/T_MobileMenu2.uasset" 75
"../../../Engine/Content/MobileResources/HUD/AnalogHat.uasset" 76
"../../../Engine/Content/MobileResources/HUD/VirtualJoystick_Background.uasset" 77
"../../../Engine/Content/MobileResources/HUD/VirtualJoystick_Thumb.uasset" 78
"../../../Engine/Content/MobileResources/HUD/DefaultVirtualJoysticks.uasset" 79
"../../../Engine/Content/MobileResources/HUD/LeftVirtualJoystickOnly.uasset" 80
"../../../Engine/Content/MobileResources/HUD/MobileHUDButton1_off.uasset" 81
"../../../Engine/Content/MobileResources/HUD/MobileHUDButton1_on.uasset" 82
"../../../Engine/Content/MobileResources/HUD/MobileHUDButton2_off.uasset" 83
"../../../Engine/Content/MobileResources/HUD/MobileHUDButton2_on.uasset" 84
"../../../Engine/Content/MobileResources/HUD/MobileHUDButton3.uasset" 85
"../../../Engine/Content/MobileResources/HUD/MobileHUDButtonFire.uasset" 86
"../../../Engine/Content/MobileResources/HUD/MobileHUDDirectionPad.uasset" 87
"../../../Engine/Content/MobileResources/HUD/MobileHUDDirectionPad2.uasset" 88
"../../../Engine/Content/MobileResources/HUD/MobileHUDDirectionPad3.uasset" 89
"../../../Engine/Content/MobileResources/HUD/MobileHUDDirectionStick.uasset" 90
"../../../Engine/Content/MobileResources/HUD/T_Castle_ThumbstickInner.uasset" 91
"../../../Engine/Content/MobileResources/HUD/T_Castle_ThumbstickOutter.uasset" 92
"../../../Engine/Content/Tutorial/ContentIntroCurve.uasset" 93
"../../../Engine/Content/Tutorial/BlueprintTutorials/TutorialAssets/Blueprint_64x.uasset" 94
"../../../Engine/Content/Tutorial/Foliage/TutorialAssets/Foliage.uasset" 95
"../../../Engine/Content/Tutorial/Mobile/TutorialAssets/android_Icon.uasset" 96
"../../Plugins/2D/Paper2D/Content/PlaceholderTextures/DummySpriteTexture.uasset" 97
"../../Plugins/2D/Paper2D/Content/DummySprite.uasset" 98
"../../Plugins/2D/Paper2D/Content/DefaultPaperTerrainMaterial.uasset" 99
"../../Plugins/2D/Paper2D/Content/DefaultSpriteMaterial.uasset" 100
"../../Plugins/2D/Paper2D/Content/MaskedUnlitSpriteMaterial.uasset" 101
"../../Plugins/2D/Paper2D/Content/OpaqueUnlitSpriteMaterial.uasset" 102
"../../Plugins/Runtime/Oculus/OculusVR/Content/Materials/PokeAHoleMaterial.uasset" 103
"../../Plugins/Runtime/Oculus/OculusVR/Content/Textures/GearVRController_AO.uasset" 104
"../../Plugins/Runtime/Oculus/OculusVR/Content/Textures/GearVRController_Color.uasset" 105
"../../Plugins/Runtime/Oculus/OculusVR/Content/Textures/GearVRController_Normal.uasset" 106
"../../Plugins/Runtime/Oculus/OculusVR/Content/Materials/GearVRControllerMaterial.uasset" 107
"../../Plugins/Runtime/Oculus/OculusVR/Content/Meshes/GearVrController.uasset" 108
"../../Plugins/Runtime/Oculus/OculusVR/Content/Textures/touchController_albedo.uasset" 109
"../../Plugins/Runtime/Oculus/OculusVR/Content/Textures/touchController_controlmap.uasset" 110
"../../Plugins/Runtime/Oculus/OculusVR/Content/Materials/touchController_mat.uasset" 111
"../../Plugins/Runtime/Oculus/OculusVR/Content/Meshes/LeftTouchController.uasset" 112
"../../Plugins/Runtime/Oculus/OculusVR/Content/Meshes/RiftHMD.uasset" 113
"../../Plugins/Runtime/Oculus/OculusVR/Content/Meshes/RightTouchController.uasset" 114
"../../../../../Unreal_Projects/My_Jewels/Content/PuzzleBP/Blueprints/SAVE_PLAYER_DATA_BP.uasset" 115
"../../../../../Unreal_Projects/My_Jewels/Content/PuzzleBP/Blueprints/Light_Source_BP.uasset" 116
"../../../../../Unreal_Projects/My_Jewels/Content/PuzzleBP/Planets/TEXT/black.uasset" 117
"../../../../../Unreal_Projects/My_Jewels/Content/PuzzleBP/Planets/MAT/BLACK_MT.uasset" 118
"../../../../../Unreal_Projects/My_Jewels/Content/PuzzleBP/Planets/TEXT/cherry.uasset" 119
"../../../../../Unreal_Projects/My_Jewels/Content/PuzzleBP/Planets/MAT/CHERY_MT.uasset" 120
"../../../../../Unreal_Projects/My_Jewels/Content/PuzzleBP/Planets/TEXT/green.uasset" 121
"../../../../../Unreal_Projects/My_Jewels/Content/PuzzleBP/Planets/MAT/GREEN_MT.uasset" 122
"../../../../../Unreal_Projects/My_Jewels/Content/PuzzleBP/Planets/TEXT/light_blue.uasset" 123
"../../../../../Unreal_Projects/My_Jewels/Content/PuzzleBP/Planets/MAT/LIGHT_BLUE_MT.uasset" 124
"../../../../../Unreal_Projects/My_Jewels/Content/PuzzleBP/Planets/TEXT/light_purple.uasset" 125
"../../../../../Unreal_Projects/My_Jewels/Content/PuzzleBP/Planets/MAT/LIGHT_PURPLE_MT.uasset" 126
"../../../../../Unreal_Projects/My_Jewels/Content/PuzzleBP/Planets/TEXT/purple.uasset" 127
"../../../../../Unreal_Projects/My_Jewels/Content/PuzzleBP/Planets/MAT/PURPLE_MT.uasset" 128
"../../../../../Unreal_Projects/My_Jewels/Content/PuzzleBP/Planets/MAT/Transparent_M.uasset" 129
"../../../../../Unreal_Projects/My_Jewels/Content/PuzzleBP/Planets/TEXT/yellow.uasset" 130
"../../../../../Unreal_Projects/My_Jewels/Content/PuzzleBP/Planets/MAT/YELLOW_MT.uasset" 131
"../../../../../Unreal_Projects/My_Jewels/Content/PuzzleBP/Planets/Planet_sphere.uasset" 132
"../../../../../Unreal_Projects/My_Jewels/Content/StarterContent/Props/MaterialSphere.uasset" 133
"../../../../../Unreal_Projects/My_Jewels/Content/PuzzleBP/Blueprints/BACKGROUND_PLANETS_BP.uasset" 134
"../../../../../Unreal_Projects/My_Jewels/Content/PuzzleBP/Blueprints/CameraActor_Blueprint.uasset" 135
"../../../../../Unreal_Projects/My_Jewels/Content/StarterContent/Textures/T_Burst_M.uasset" 136
"../../../../../Unreal_Projects/My_Jewels/Content/StarterContent/Particles/Materials/M_Burst.uasset" 137
"../../../../../Unreal_Projects/My_Jewels/Content/StarterContent/Textures/T_Explosion_SubUV.uasset" 138
"../../../../../Unreal_Projects/My_Jewels/Content/StarterContent/Particles/Materials/M_explosion_subUV.uasset" 139
"../../../../../Unreal_Projects/My_Jewels/Content/StarterContent/Particles/Materials/m_flare_01.uasset" 140
"../../../Engine/Content/Functions/Engine_MaterialFunctions01/Gradient/RadialGradient.uasset" 141
"../../../../../Unreal_Projects/My_Jewels/Content/StarterContent/Particles/Materials/M_radial_ramp.uasset" 142
"../../../../../Unreal_Projects/My_Jewels/Content/StarterContent/Textures/T_Smoke_SubUV.uasset" 143
"../../../../../Unreal_Projects/My_Jewels/Content/StarterContent/Textures/T_Smoke_Tiled_D.uasset" 144
"../../../../../Unreal_Projects/My_Jewels/Content/StarterContent/Particles/Materials/M_smoke_subUV.uasset" 145
"../../../../../Unreal_Projects/My_Jewels/Content/StarterContent/Particles/P_JEWEL_EXPLOSION.uasset" 146
"../../../../../Unreal_Projects/My_Jewels/Content/PuzzleBP/Blueprints/EXPLOSION_BP.uasset" 147
"../../../../../Unreal_Projects/My_Jewels/Content/PuzzleBP/WIdjets/FONTS/MinstrelPosterNF.uasset" 148
"../../../../../Unreal_Projects/My_Jewels/Content/PuzzleBP/WIdjets/FONTS/MinstrelPosterNF_Font.uasset" 149
"../../../../../Unreal_Projects/My_Jewels/Content/PuzzleBP/WIdjets/SCORE_WIDJET_BP.uasset" 150
"../../../../../Unreal_Projects/My_Jewels/Content/PuzzleBP/Blueprints/Points_BP.uasset" 151
"../../../../../Unreal_Projects/My_Jewels/Content/PuzzleBP/WIdjets/LEVEL-UP-BLUE.uasset" 152
"../../../../../Unreal_Projects/My_Jewels/Content/PuzzleBP/WIdjets/LEVEL-UP-GREEN.uasset" 153
"../../../../../Unreal_Projects/My_Jewels/Content/PuzzleBP/WIdjets/LEVEL-UP-PINK.uasset" 154
"../../../../../Unreal_Projects/My_Jewels/Content/PuzzleBP/WIdjets/LEVEL-UP-RED.uasset" 155
"../../../../../Unreal_Projects/My_Jewels/Content/PuzzleBP/WIdjets/LEVEL-UP-YELLOW.uasset" 156
"../../../../../Unreal_Projects/My_Jewels/Content/PuzzleBP/WIdjets/LEVELUP_WIDJET_BP.uasset" 157
"../../../../../Unreal_Projects/My_Jewels/Content/PuzzleBP/Music_Sounds/level_up.uasset" 158
"../../../../../Unreal_Projects/My_Jewels/Content/PuzzleBP/Music_Sounds/level_up_Cue.uasset" 159
"../../../../../Unreal_Projects/My_Jewels/Content/PuzzleBP/Music_Sounds/MAGIC_SPELL_start.uasset" 160
"../../../../../Unreal_Projects/My_Jewels/Content/PuzzleBP/Music_Sounds/MAGIC_SPELL_start_Cue.uasset" 161
"../../../../../Unreal_Projects/My_Jewels/Content/PuzzleBP/Music_Sounds/PUZZLE_Success_Digital_Three_Note_Climb_Dry_stereo.uasset" 162
"../../../../../Unreal_Projects/My_Jewels/Content/PuzzleBP/Music_Sounds/PUZZLE_Success_Digital_Three_Note_Climb_Dry_stereo_Cue.uasset" 163
"../../../../../Unreal_Projects/My_Jewels/Content/PuzzleBP/Music_Sounds/RESET_MAP.uasset" 164
"../../../../../Unreal_Projects/My_Jewels/Content/PuzzleBP/Music_Sounds/RESET_MAP_Cue.uasset" 165
"../../../../../Unreal_Projects/My_Jewels/Content/PuzzleBP/WIdjets/RESET.uasset" 166
"../../../../../Unreal_Projects/My_Jewels/Content/PuzzleBP/WIdjets/MAIN_WIDJET_BP.uasset" 167
"../../../../../Unreal_Projects/My_Jewels/Content/PuzzleBP/Blueprints/PuzzleBlockGrid.uasset" 168
"../../../../../Unreal_Projects/My_Jewels/Content/PuzzleBP/Planets/TEXT/blue.uasset" 169
"../../../../../Unreal_Projects/My_Jewels/Content/PuzzleBP/Planets/MAT/BLUE_MT.uasset" 170
"../../../../../Unreal_Projects/My_Jewels/Content/PuzzleBP/Planets/TEXT/orange.uasset" 171
"../../../../../Unreal_Projects/My_Jewels/Content/PuzzleBP/Planets/MAT/ORANGE_MT.uasset" 172
"../../../../../Unreal_Projects/My_Jewels/Content/PuzzleBP/Planets/TEXT/neon.uasset" 173
"../../../../../Unreal_Projects/My_Jewels/Content/PuzzleBP/Planets/MAT/PINK_MT.uasset" 174
"../../../../../Unreal_Projects/My_Jewels/Content/PuzzleBP/Planets/TEXT/red.uasset" 175
"../../../../../Unreal_Projects/My_Jewels/Content/PuzzleBP/Planets/MAT/RED_MT.uasset" 176
"../../../../../Unreal_Projects/My_Jewels/Content/PuzzleBP/Planets/TEXT/white.uasset" 177
"../../../../../Unreal_Projects/My_Jewels/Content/PuzzleBP/Planets/MAT/WHITE_MT.uasset" 178
"../../../../../Unreal_Projects/My_Jewels/Content/StarterContent/Textures/T_Rock_Basalt_D.uasset" 179
"../../../../../Unreal_Projects/My_Jewels/Content/StarterContent/Materials/M_Rock.uasset" 180
"../../../../../Unreal_Projects/My_Jewels/Content/PuzzleBP/Music_Sounds/Pick_Planet.uasset" 181
"../../../../../Unreal_Projects/My_Jewels/Content/PuzzleBP/Music_Sounds/Pick_Planet_Cue.uasset" 182
"../../../../../Unreal_Projects/My_Jewels/Content/PuzzleBP/Music_Sounds/WHOOSH_Air_Very_Fast_RR8_mono.uasset" 183
"../../../../../Unreal_Projects/My_Jewels/Content/PuzzleBP/Music_Sounds/WHOOSH_Air_Very_Fast_RR8_mono_Cue.uasset" 184
"../../../../../Unreal_Projects/My_Jewels/Content/StarterContent/Props/PuzzleCube.uasset" 185
"../../../../../Unreal_Projects/My_Jewels/Content/PuzzleBP/Blueprints/PuzzleBlock.uasset" 186
"../../../../../Unreal_Projects/My_Jewels/Content/PuzzleBP/Blueprints/PuzzlePlayerCharacter.uasset" 187
"../../../../../Unreal_Projects/My_Jewels/Content/PuzzleBP/Blueprints/PuzzlePlayerController.uasset" 188
"../../../../../Unreal_Projects/My_Jewels/Content/PuzzleBP/Blueprints/PuzzleGameMode.uasset" 189
"../../../Engine/Content/Functions/Engine_MaterialFunctions02/3PointLevels.uasset" 190
"../../../../../Unreal_Projects/My_Jewels/Content/PuzzleBP/Blueprints/SKYBOX/Space_SkyBox_Param.uasset" 191
"../../../../../Unreal_Projects/My_Jewels/Content/PuzzleBP/Blueprints/SKYBOX/space.uasset" 192
"../../../../../Unreal_Projects/My_Jewels/Content/PuzzleBP/Blueprints/SKYBOX/space_gr.uasset" 193
"../../../../../Unreal_Projects/My_Jewels/Content/PuzzleBP/Blueprints/SKYBOX/Space_MAT.uasset" 194
"../../../Engine/Content/BasicShapes/Sphere.uasset" 195
"../../../Engine/Content/EngineSky/T_Sky_Blue.uasset" 196
"../../../Engine/Content/EngineSky/T_Sky_Clouds_M.uasset" 197
"../../../Engine/Content/EngineSky/T_Sky_Stars.uasset" 198
"../../../Engine/Content/EngineSky/M_Sky_Panning_Clouds2.uasset" 199
"../../../Engine/Content/EngineSky/SM_SkySphere.uasset" 200
"../../../../../Unreal_Projects/My_Jewels/Content/PuzzleBP/Blueprints/SKYBOX/Space_SkyBox_BP.uasset" 201
"../../../../../Unreal_Projects/My_Jewels/Content/PuzzleBP/WIdjets/LOGO_PLANET1_BP.uasset" 202
"../../../../../Unreal_Projects/My_Jewels/Content/PuzzleBP/WIdjets/LOGO_PLANET2_BP.uasset" 203
"../../../../../Unreal_Projects/My_Jewels/Content/PuzzleBP/WIdjets/LOGO_PLANET3_BP.uasset" 204
"../../../../../Unreal_Projects/My_Jewels/Content/PuzzleBP/WIdjets/BACK-TO-MENU.uasset" 205
"../../../../../Unreal_Projects/My_Jewels/Content/PuzzleBP/WIdjets/LETS-PLAY.uasset" 206
"../../../../../Unreal_Projects/My_Jewels/Content/PuzzleBP/WIdjets/PLAYERNAME_WIDJET_BP.uasset" 207
"../../../../../Unreal_Projects/My_Jewels/Content/PuzzleBP/Maps/MainMenu_BuiltData.uasset" 208
"../../../../../Unreal_Projects/My_Jewels/Content/PuzzleBP/WIdjets/INFO_FOR_LEADER_BOARD_WIDJET_BP.uasset" 209
"../../../../../Unreal_Projects/My_Jewels/Content/PuzzleBP/WIdjets/LEADERS__1_.uasset" 210
"../../../../../Unreal_Projects/My_Jewels/Content/PuzzleBP/WIdjets/LEADERS_WIDJET_BP.uasset" 211
"../../../../../Unreal_Projects/My_Jewels/Content/PuzzleBP/WIdjets/EXIT-GAME.uasset" 212
"../../../../../Unreal_Projects/My_Jewels/Content/PuzzleBP/WIdjets/LEADERS.uasset" 213
"../../Plugins/2D/Paper2D/Content/TranslucentUnlitSpriteMaterial.uasset" 214
"../../../../../Unreal_Projects/My_Jewels/Content/PuzzleBP/WIdjets/PLANETS-PUZZLE.uasset" 215
"../../../../../Unreal_Projects/My_Jewels/Content/PuzzleBP/WIdjets/PLANETS-PUZZLE_Sprite1.uasset" 216
"../../../../../Unreal_Projects/My_Jewels/Content/PuzzleBP/WIdjets/MENU_WIDJET_BP.uasset" 217
"../../../../../Unreal_Projects/My_Jewels/Content/PuzzleBP/Music_Sounds/track_bg_01.uasset" 218
"../../../../../Unreal_Projects/My_Jewels/Content/PuzzleBP/Music_Sounds/track_bg_02.uasset" 219
"../../../../../Unreal_Projects/My_Jewels/Content/PuzzleBP/Music_Sounds/track_bg_03.uasset" 220
"../../../../../Unreal_Projects/My_Jewels/Content/PuzzleBP/Music_Sounds/track_bg_04.uasset" 221
"../../../../../Unreal_Projects/My_Jewels/Content/PuzzleBP/Music_Sounds/track_bg_05.uasset" 222
"../../../../../Unreal_Projects/My_Jewels/Content/PuzzleBP/Music_Sounds/track_bg_06.uasset" 223
"../../../../../Unreal_Projects/My_Jewels/Content/PuzzleBP/Music_Sounds/track_bg_01_Cue.uasset" 224
"../../../../../Unreal_Projects/My_Jewels/Content/PuzzleBP/Maps/MainMenu.umap" 225
"../../../../../Unreal_Projects/My_Jewels/Content/PuzzleBP/Maps/PuzzleExampleMap_BuiltData.uasset" 226
"../../../../../Unreal_Projects/My_Jewels/Content/PuzzleBP/Music_Sounds/PUZZLE_Success_Bell_Voice_Three_Note_Climb_Wet_stereo.uasset" 227
"../../../../../Unreal_Projects/My_Jewels/Content/PuzzleBP/Music_Sounds/PUZZLE_Success_Bell_Voice_Three_Note_Climb_Wet_stereo_Cue.uasset" 228
"../../../../../Unreal_Projects/My_Jewels/Content/PuzzleBP/Maps/PuzzleExampleMap.umap" 229
"../../../Engine/Content/Maps/Entry_BuiltData.uasset" 230
"../../../Engine/Content/Maps/Entry.umap" 231
